# JRE version: Java(TM) SE Runtime Environment (8.0_74-b02) (build 1.8.0_74-b02)
# Java VM: Java HotSpot(TM) 64-Bit Server VM (25.74-b02 mixed mode bsd-amd64 compressed oops)
Heap:
 garbage-first heap   total 2097152K, used 143416K [0x0000000740000000, 0x0000000742000200, 0x00000007c0000000)
  region size 32768K, 3 young (98304K), 2 survivors (65536K)
 Metaspace       used 35277K, capacity 35814K, committed 36176K, reserved 1081344K
  class space    used 4728K, capacity 4904K, committed 4944K, reserved 1048576K
GC Heap History (10 events):
Event: 5.604 GC heap before
{Heap before GC invocations=1 (full 0):
 garbage-first heap   total 2097152K, used 294456K [0x0000000740000000, 0x0000000742000200, 0x00000007c0000000)
  region size 32768K, 10 young (327680K), 2 survivors (65536K)
 Metaspace       used 20750K, capacity 21104K, committed 21296K, reserved 1069056K
  class space    used 2527K, capacity 2665K, committed 2688K, reserved 1048576K
Event: 5.667 GC heap after
Heap after GC invocations=2 (full 0):
 garbage-first heap   total 2097152K, used 109121K [0x0000000740000000, 0x0000000742000200, 0x00000007c0000000)
  region size 32768K, 2 young (65536K), 2 survivors (65536K)
 Metaspace       used 20750K, capacity 21104K, committed 21296K, reserved 1069056K
  class space    used 2527K, capacity 2665K, committed 2688K, reserved 1048576K
}
Event: 7.904 GC heap before
{Heap before GC invocations=3 (full 0):
 garbage-first heap   total 2097152K, used 436801K [0x0000000740000000, 0x0000000742000200, 0x00000007c0000000)
  region size 32768K, 12 young (393216K), 2 survivors (65536K)
 Metaspace       used 24958K, capacity 25406K, committed 25728K, reserved 1071104K
  class space    used 2992K, capacity 3144K, committed 3200K, reserved 1048576K
Event: 7.919 GC heap after
Heap after GC invocations=4 (full 0):
 garbage-first heap   total 2097152K, used 107527K [0x0000000740000000, 0x0000000742000200, 0x00000007c0000000)
  region size 32768K, 2 young (65536K), 2 survivors (65536K)
 Metaspace       used 24958K, capacity 25406K, committed 25728K, reserved 1071104K
  class space    used 2992K, capacity 3144K, committed 3200K, reserved 1048576K
}
Event: 9.696 GC heap before
{Heap before GC invocations=4 (full 0):
 garbage-first heap   total 2097152K, used 435207K [0x0000000740000000, 0x0000000742000200, 0x00000007c0000000)
  region size 32768K, 12 young (393216K), 2 survivors (65536K)
 Metaspace       used 28074K, capacity 28492K, committed 28928K, reserved 1075200K
  class space    used 3584K, capacity 3723K, committed 3840K, reserved 1048576K
Event: 9.713 GC heap after
Heap after GC invocations=5 (full 0):
 garbage-first heap   total 2097152K, used 116525K [0x0000000740000000, 0x0000000742000200, 0x00000007c0000000)
  region size 32768K, 2 young (65536K), 2 survivors (65536K)
 Metaspace       used 28074K, capacity 28492K, committed 28928K, reserved 1075200K
  class space    used 3584K, capacity 3723K, committed 3840K, reserved 1048576K
}
Event: 10.486 GC heap before
{Heap before GC invocations=5 (full 0):
 garbage-first heap   total 2097152K, used 444205K [0x0000000740000000, 0x0000000742000200, 0x00000007c0000000)
  region size 32768K, 12 young (393216K), 2 survivors (65536K)
 Metaspace       used 31466K, capacity 31924K, committed 32128K, reserved 1077248K
  class space    used 4285K, capacity 4461K, committed 4480K, reserved 1048576K
Event: 10.501 GC heap after
Heap after GC invocations=6 (full 0):
 garbage-first heap   total 2097152K, used 135476K [0x0000000740000000, 0x0000000742000200, 0x00000007c0000000)
  region size 32768K, 2 young (65536K), 2 survivors (65536K)
 Metaspace       used 31466K, capacity 31924K, committed 32128K, reserved 1077248K
  class space    used 4285K, capacity 4461K, committed 4480K, reserved 1048576K
}
Event: 11.649 GC heap before
{Heap before GC invocations=6 (full 0):
 garbage-first heap   total 2097152K, used 430388K [0x0000000740000000, 0x0000000742000200, 0x00000007c0000000)
  region size 32768K, 12 young (393216K), 2 survivors (65536K)
 Metaspace       used 35171K, capacity 35686K, committed 35920K, reserved 1081344K
  class space    used 4719K, capacity 4904K, committed 4944K, reserved 1048576K
Event: 11.671 GC heap after
Heap after GC invocations=7 (full 0):
 garbage-first heap   total 2097152K, used 143416K [0x0000000740000000, 0x0000000742000200, 0x00000007c0000000)
  region size 32768K, 2 young (65536K), 2 survivors (65536K)
 Metaspace       used 35171K, capacity 35686K, committed 35920K, reserved 1081344K
  class space    used 4719K, capacity 4904K, committed 4944K, reserved 1048576K
}

