# JRE version: Java(TM) SE Runtime Environment (8.0_74-b02) (build 1.8.0_74-b02)
# Java VM: Java HotSpot(TM) 64-Bit Server VM (25.74-b02 mixed mode bsd-amd64 compressed oops)
Heap:
 garbage-first heap   total 1048576K, used 347997K [0x0000000780000000, 0x0000000782000100, 0x00000007c0000000)
  region size 32768K, 5 young (163840K), 1 survivors (32768K)
 Metaspace       used 43975K, capacity 44479K, committed 44800K, reserved 1089536K
  class space    used 5389K, capacity 5528K, committed 5632K, reserved 1048576K
GC Heap History (10 events):
Event: 11.404 GC heap before
{Heap before GC invocations=8 (full 0):
 garbage-first heap   total 1048576K, used 340368K [0x0000000780000000, 0x0000000782000100, 0x00000007c0000000)
  region size 32768K, 3 young (98304K), 1 survivors (32768K)
 Metaspace       used 34080K, capacity 34437K, committed 34688K, reserved 1079296K
  class space    used 4290K, capacity 4383K, committed 4480K, reserved 1048576K
Event: 11.439 GC heap after
Heap after GC invocations=9 (full 0):
 garbage-first heap   total 1048576K, used 216861K [0x0000000780000000, 0x0000000782000100, 0x00000007c0000000)
  region size 32768K, 1 young (32768K), 1 survivors (32768K)
 Metaspace       used 34080K, capacity 34437K, committed 34688K, reserved 1079296K
  class space    used 4290K, capacity 4383K, committed 4480K, reserved 1048576K
}
Event: 15.368 GC heap before
{Heap before GC invocations=10 (full 0):
 garbage-first heap   total 1048576K, used 462621K [0x0000000780000000, 0x0000000782000100, 0x00000007c0000000)
  region size 32768K, 6 young (196608K), 1 survivors (32768K)
 Metaspace       used 39597K, capacity 40077K, committed 40320K, reserved 1085440K
  class space    used 5010K, capacity 5153K, committed 5248K, reserved 1048576K
Event: 15.382 GC heap after
Heap after GC invocations=11 (full 0):
 garbage-first heap   total 1048576K, used 237459K [0x0000000780000000, 0x0000000782000100, 0x00000007c0000000)
  region size 32768K, 1 young (32768K), 1 survivors (32768K)
 Metaspace       used 39597K, capacity 40077K, committed 40320K, reserved 1085440K
  class space    used 5010K, capacity 5153K, committed 5248K, reserved 1048576K
}
Event: 133.179 GC heap before
{Heap before GC invocations=11 (full 0):
 garbage-first heap   total 1048576K, used 630675K [0x0000000780000000, 0x0000000782000100, 0x00000007c0000000)
  region size 32768K, 6 young (196608K), 1 survivors (32768K)
 Metaspace       used 43337K, capacity 43873K, committed 44288K, reserved 1087488K
  class space    used 5379K, capacity 5523K, committed 5632K, reserved 1048576K
Event: 133.194 GC heap after
Heap after GC invocations=12 (full 0):
 garbage-first heap   total 1048576K, used 245673K [0x0000000780000000, 0x0000000782000100, 0x00000007c0000000)
  region size 32768K, 1 young (32768K), 1 survivors (32768K)
 Metaspace       used 43337K, capacity 43873K, committed 44288K, reserved 1087488K
  class space    used 5379K, capacity 5523K, committed 5632K, reserved 1048576K
}
Event: 134.301 GC heap before
{Heap before GC invocations=12 (full 0):
 garbage-first heap   total 1048576K, used 409513K [0x0000000780000000, 0x0000000782000100, 0x00000007c0000000)
  region size 32768K, 6 young (196608K), 1 survivors (32768K)
 Metaspace       used 43543K, capacity 44077K, committed 44288K, reserved 1087488K
  class space    used 5381K, capacity 5525K, committed 5632K, reserved 1048576K
Event: 134.328 GC heap after
Heap after GC invocations=13 (full 0):
 garbage-first heap   total 1048576K, used 266689K [0x0000000780000000, 0x0000000782000100, 0x00000007c0000000)
  region size 32768K, 1 young (32768K), 1 survivors (32768K)
 Metaspace       used 43543K, capacity 44077K, committed 44288K, reserved 1087488K
  class space    used 5381K, capacity 5525K, committed 5632K, reserved 1048576K
}
Event: 136.604 GC heap before
{Heap before GC invocations=13 (full 0):
 garbage-first heap   total 1048576K, used 463297K [0x0000000780000000, 0x0000000782000100, 0x00000007c0000000)
  region size 32768K, 6 young (196608K), 1 survivors (32768K)
 Metaspace       used 43710K, capacity 44269K, committed 44544K, reserved 1087488K
  class space    used 5383K, capacity 5525K, committed 5632K, reserved 1048576K
Event: 136.610 GC heap after
Heap after GC invocations=14 (full 0):
 garbage-first heap   total 1048576K, used 249693K [0x0000000780000000, 0x0000000782000100, 0x00000007c0000000)
  region size 32768K, 1 young (32768K), 1 survivors (32768K)
 Metaspace       used 43710K, capacity 44269K, committed 44544K, reserved 1087488K
  class space    used 5383K, capacity 5525K, committed 5632K, reserved 1048576K
}

