# JRE version: Java(TM) SE Runtime Environment (8.0_74-b02) (build 1.8.0_74-b02)
# Java VM: Java HotSpot(TM) 64-Bit Server VM (25.74-b02 mixed mode bsd-amd64 compressed oops)
Heap:
 garbage-first heap   total 2097152K, used 177403K [0x0000000740000000, 0x0000000742000200, 0x00000007c0000000)
  region size 32768K, 3 young (98304K), 2 survivors (65536K)
 Metaspace       used 35292K, capacity 35814K, committed 36176K, reserved 1081344K
  class space    used 4724K, capacity 4904K, committed 4944K, reserved 1048576K
GC Heap History (10 events):
Event: 7.436 GC heap before
{Heap before GC invocations=3 (full 0):
 garbage-first heap   total 2097152K, used 436719K [0x0000000740000000, 0x0000000742000200, 0x00000007c0000000)
  region size 32768K, 12 young (393216K), 2 survivors (65536K)
 Metaspace       used 24930K, capacity 25406K, committed 25728K, reserved 1071104K
  class space    used 2985K, capacity 3144K, committed 3200K, reserved 1048576K
Event: 7.453 GC heap after
Heap after GC invocations=4 (full 0):
 garbage-first heap   total 2097152K, used 118295K [0x0000000740000000, 0x0000000742000200, 0x00000007c0000000)
  region size 32768K, 2 young (65536K), 2 survivors (65536K)
 Metaspace       used 24930K, capacity 25406K, committed 25728K, reserved 1071104K
  class space    used 2985K, capacity 3144K, committed 3200K, reserved 1048576K
}
Event: 8.859 GC heap before
{Heap before GC invocations=4 (full 0):
 garbage-first heap   total 2097152K, used 445975K [0x0000000740000000, 0x0000000742000200, 0x00000007c0000000)
  region size 32768K, 12 young (393216K), 2 survivors (65536K)
 Metaspace       used 27876K, capacity 28300K, committed 28544K, reserved 1075200K
  class space    used 3519K, capacity 3659K, committed 3712K, reserved 1048576K
Event: 8.883 GC heap after
Heap after GC invocations=5 (full 0):
 garbage-first heap   total 2097152K, used 137559K [0x0000000740000000, 0x0000000742000200, 0x00000007c0000000)
  region size 32768K, 2 young (65536K), 2 survivors (65536K)
 Metaspace       used 27876K, capacity 28300K, committed 28544K, reserved 1075200K
  class space    used 3519K, capacity 3659K, committed 3712K, reserved 1048576K
}
Event: 9.552 GC heap before
{Heap before GC invocations=5 (full 0):
 garbage-first heap   total 2097152K, used 465239K [0x0000000740000000, 0x0000000742000200, 0x00000007c0000000)
  region size 32768K, 12 young (393216K), 2 survivors (65536K)
 Metaspace       used 30654K, capacity 31148K, committed 31488K, reserved 1077248K
  class space    used 4099K, capacity 4267K, committed 4352K, reserved 1048576K
Event: 9.570 GC heap after
Heap after GC invocations=6 (full 0):
 garbage-first heap   total 2097152K, used 144757K [0x0000000740000000, 0x0000000742000200, 0x00000007c0000000)
  region size 32768K, 2 young (65536K), 2 survivors (65536K)
 Metaspace       used 30654K, capacity 31148K, committed 31488K, reserved 1077248K
  class space    used 4099K, capacity 4267K, committed 4352K, reserved 1048576K
}
Event: 10.631 GC heap before
{Heap before GC invocations=6 (full 0):
 garbage-first heap   total 2097152K, used 472437K [0x0000000740000000, 0x0000000742000200, 0x00000007c0000000)
  region size 32768K, 12 young (393216K), 2 survivors (65536K)
 Metaspace       used 33978K, capacity 34528K, committed 35072K, reserved 1079296K
  class space    used 4592K, capacity 4775K, committed 4864K, reserved 1048576K
Event: 10.651 GC heap after
Heap after GC invocations=7 (full 0):
 garbage-first heap   total 2097152K, used 146669K [0x0000000740000000, 0x0000000742000200, 0x00000007c0000000)
  region size 32768K, 2 young (65536K), 2 survivors (65536K)
 Metaspace       used 33978K, capacity 34528K, committed 35072K, reserved 1079296K
  class space    used 4592K, capacity 4775K, committed 4864K, reserved 1048576K
}
Event: 11.031 GC heap before
{Heap before GC invocations=7 (full 0):
 garbage-first heap   total 2097152K, used 179437K [0x0000000740000000, 0x0000000742000200, 0x00000007c0000000)
  region size 32768K, 4 young (131072K), 2 survivors (65536K)
 Metaspace       used 35128K, capacity 35590K, committed 35920K, reserved 1081344K
  class space    used 4709K, capacity 4872K, committed 4944K, reserved 1048576K
Event: 11.057 GC heap after
Heap after GC invocations=8 (full 0):
 garbage-first heap   total 2097152K, used 177403K [0x0000000740000000, 0x0000000742000200, 0x00000007c0000000)
  region size 32768K, 2 young (65536K), 2 survivors (65536K)
 Metaspace       used 35128K, capacity 35590K, committed 35920K, reserved 1081344K
  class space    used 4709K, capacity 4872K, committed 4944K, reserved 1048576K
}

